{"level":"info","message":"Server up and running on port 3003"}
{"code":"ER_NO_SUCH_TABLE","errno":1146,"level":"error","message":"Table 'test.mock_clear_global' doesn't exist Table 'test.mock_clear_global' doesn't exist","sql":"insert into mock_clear_global(isoCode, name, altName, noTranslators)\n                values('eng','English','N/A',200)","sqlMessage":"Table 'test.mock_clear_global' doesn't exist","sqlState":"42S02","stack":"Error: Table 'test.mock_clear_global' doesn't exist\n    at Packet.asError (C:\\Users\\Fedor\\Desktop\\Python\\09CLEAR-API\\01draft\\node_modules\\mysql2\\lib\\packets\\packet.js:728:17)\n    at Query.execute (C:\\Users\\Fedor\\Desktop\\Python\\09CLEAR-API\\01draft\\node_modules\\mysql2\\lib\\commands\\command.js:29:26)\n    at PoolConnection.handlePacket (C:\\Users\\Fedor\\Desktop\\Python\\09CLEAR-API\\01draft\\node_modules\\mysql2\\lib\\connection.js:488:32)\n    at PacketParser.onPacket (C:\\Users\\Fedor\\Desktop\\Python\\09CLEAR-API\\01draft\\node_modules\\mysql2\\lib\\connection.js:94:12)\n    at PacketParser.executeStart (C:\\Users\\Fedor\\Desktop\\Python\\09CLEAR-API\\01draft\\node_modules\\mysql2\\lib\\packet_parser.js:75:16)\n    at Socket.<anonymous> (C:\\Users\\Fedor\\Desktop\\Python\\09CLEAR-API\\01draft\\node_modules\\mysql2\\lib\\connection.js:101:25)\n    at Socket.emit (node:events:513:28)\n    at addChunk (node:internal/streams/readable:324:12)\n    at readableAddChunk (node:internal/streams/readable:297:9)\n    at Readable.push (node:internal/streams/readable:234:10)"}
{"level":"error","message":"Creating new language failed."}
{"level":"info","message":"Server up and running on port 3003"}
{"level":"info","message":"Server up and running on port 3003"}
{"code":"ER_NO_SUCH_TABLE","errno":1146,"level":"error","message":"Table 'test.languages' doesn't exist Table 'test.languages' doesn't exist","sql":"insert into languages(isoCode, name, altName, noTranslators)\n                values('eng','English','N/A',200)","sqlMessage":"Table 'test.languages' doesn't exist","sqlState":"42S02","stack":"Error: Table 'test.languages' doesn't exist\n    at Packet.asError (C:\\Users\\Fedor\\Desktop\\Python\\09CLEAR-API\\01draft\\node_modules\\mysql2\\lib\\packets\\packet.js:728:17)\n    at Query.execute (C:\\Users\\Fedor\\Desktop\\Python\\09CLEAR-API\\01draft\\node_modules\\mysql2\\lib\\commands\\command.js:29:26)\n    at PoolConnection.handlePacket (C:\\Users\\Fedor\\Desktop\\Python\\09CLEAR-API\\01draft\\node_modules\\mysql2\\lib\\connection.js:488:32)\n    at PacketParser.onPacket (C:\\Users\\Fedor\\Desktop\\Python\\09CLEAR-API\\01draft\\node_modules\\mysql2\\lib\\connection.js:94:12)\n    at PacketParser.executeStart (C:\\Users\\Fedor\\Desktop\\Python\\09CLEAR-API\\01draft\\node_modules\\mysql2\\lib\\packet_parser.js:75:16)\n    at Socket.<anonymous> (C:\\Users\\Fedor\\Desktop\\Python\\09CLEAR-API\\01draft\\node_modules\\mysql2\\lib\\connection.js:101:25)\n    at Socket.emit (node:events:513:28)\n    at addChunk (node:internal/streams/readable:324:12)\n    at readableAddChunk (node:internal/streams/readable:297:9)\n    at Readable.push (node:internal/streams/readable:234:10)"}
{"level":"error","message":"Creating new language failed."}
{"level":"info","message":"Server up and running on port 3003"}
{"level":"info","message":"Server up and running on port 3003"}
{"level":"info","message":{"affectedRows":1,"fieldCount":0,"info":"","insertId":0,"serverStatus":2,"warningStatus":0}}
{"level":"info","message":"New language created"}
{"level":"info","message":"Server up and running on port 3003"}
{"level":"info","message":{"altName":"N/A","isoCode":"rus","name":"Russian","noTranslators":127}}
{"level":"info","message":"New language created"}
{"level":"info","message":"Server up and running on port 3003"}
{"level":"info","message":"Server up and running on port 3003"}
{"level":"info","message":"Server up and running on port 3003"}
{"level":"info","message":"Server up and running on port 3003"}
{"level":"info","message":"Server up and running on port 3003"}
{"level":"info","message":"Server up and running on port 3003"}
{"level":"info","message":"Server up and running on port 3003"}
{"level":"info","message":"Server up and running on port 3003"}
{"level":"info","message":"Server up and running on port 3003"}
{"level":"info","message":"Server up and running on port 3003"}
{"level":"info","message":"Server up and running on port 3003"}
{"level":"info","message":"Server up and running on port 3003"}
{"level":"info","message":"Server up and running on port 3003"}
{"level":"info","message":{"altName":"Anglish","isoCode":"ang","name":"English","noTranslators":1000}}
{"level":"info","message":"New language created"}
{"level":"info","message":"Server up and running on port 3003"}
{"code":"ER_DUP_ENTRY","errno":1062,"level":"error","message":"Duplicate entry 'ang' for key 'languages.PRIMARY' Duplicate entry 'ang' for key 'languages.PRIMARY'","sql":"insert into languages(isoCode, name, altName, noTranslators)\n                values('ang','English','Anglish',1000)","sqlMessage":"Duplicate entry 'ang' for key 'languages.PRIMARY'","sqlState":"23000","stack":"Error: Duplicate entry 'ang' for key 'languages.PRIMARY'\n    at Packet.asError (C:\\Users\\Fedor\\Desktop\\Python\\09CLEAR-API\\01draft\\node_modules\\mysql2\\lib\\packets\\packet.js:728:17)\n    at Query.execute (C:\\Users\\Fedor\\Desktop\\Python\\09CLEAR-API\\01draft\\node_modules\\mysql2\\lib\\commands\\command.js:29:26)\n    at PoolConnection.handlePacket (C:\\Users\\Fedor\\Desktop\\Python\\09CLEAR-API\\01draft\\node_modules\\mysql2\\lib\\connection.js:488:32)\n    at PacketParser.onPacket (C:\\Users\\Fedor\\Desktop\\Python\\09CLEAR-API\\01draft\\node_modules\\mysql2\\lib\\connection.js:94:12)\n    at PacketParser.executeStart (C:\\Users\\Fedor\\Desktop\\Python\\09CLEAR-API\\01draft\\node_modules\\mysql2\\lib\\packet_parser.js:75:16)\n    at Socket.<anonymous> (C:\\Users\\Fedor\\Desktop\\Python\\09CLEAR-API\\01draft\\node_modules\\mysql2\\lib\\connection.js:101:25)\n    at Socket.emit (node:events:513:28)\n    at addChunk (node:internal/streams/readable:324:12)\n    at readableAddChunk (node:internal/streams/readable:297:9)\n    at Socket.Readable.push (node:internal/streams/readable:234:10)\n    at TCP.onStreamRead (node:internal/stream_base_commons:190:23)"}
{"level":"error","message":"Creating new language failed."}
{"level":"info","message":"Server up and running on port 3003"}
{"code":"ER_DUP_ENTRY","errno":1062,"level":"error","message":"Duplicate entry 'ang' for key 'languages.PRIMARY' Duplicate entry 'ang' for key 'languages.PRIMARY'","sql":"insert into languages(isoCode, name, altName, noTranslators)\n                values('ang','English','Anglish',1000)","sqlMessage":"Duplicate entry 'ang' for key 'languages.PRIMARY'","sqlState":"23000","stack":"Error: Duplicate entry 'ang' for key 'languages.PRIMARY'\n    at Packet.asError (C:\\Users\\Fedor\\Desktop\\Python\\09CLEAR-API\\01draft\\node_modules\\mysql2\\lib\\packets\\packet.js:728:17)\n    at Query.execute (C:\\Users\\Fedor\\Desktop\\Python\\09CLEAR-API\\01draft\\node_modules\\mysql2\\lib\\commands\\command.js:29:26)\n    at PoolConnection.handlePacket (C:\\Users\\Fedor\\Desktop\\Python\\09CLEAR-API\\01draft\\node_modules\\mysql2\\lib\\connection.js:488:32)\n    at PacketParser.onPacket (C:\\Users\\Fedor\\Desktop\\Python\\09CLEAR-API\\01draft\\node_modules\\mysql2\\lib\\connection.js:94:12)\n    at PacketParser.executeStart (C:\\Users\\Fedor\\Desktop\\Python\\09CLEAR-API\\01draft\\node_modules\\mysql2\\lib\\packet_parser.js:75:16)\n    at Socket.<anonymous> (C:\\Users\\Fedor\\Desktop\\Python\\09CLEAR-API\\01draft\\node_modules\\mysql2\\lib\\connection.js:101:25)\n    at Socket.emit (node:events:513:28)\n    at addChunk (node:internal/streams/readable:324:12)\n    at readableAddChunk (node:internal/streams/readable:297:9)\n    at Socket.Readable.push (node:internal/streams/readable:234:10)\n    at TCP.onStreamRead (node:internal/stream_base_commons:190:23)"}
{"level":"error","message":"Creating new language failed."}
{"level":"info","message":"Server up and running on port 3003"}
{"level":"info","message":{"altName":"Anglish","isoCode":"cum","name":"English","noTranslators":1000}}
{"level":"info","message":"New language created"}
{"level":"info","message":"Server up and running on port 3003"}
{"code":"ER_DUP_ENTRY","errno":1062,"level":"error","message":"Duplicate entry 'cum' for key 'languages.PRIMARY' Duplicate entry 'cum' for key 'languages.PRIMARY'","sql":"insert into languages(isoCode, name, altName, noTranslators)\n                values('cum','English','Anglish',1000)","sqlMessage":"Duplicate entry 'cum' for key 'languages.PRIMARY'","sqlState":"23000","stack":"Error: Duplicate entry 'cum' for key 'languages.PRIMARY'\n    at Packet.asError (C:\\Users\\Fedor\\Desktop\\Python\\09CLEAR-API\\01draft\\node_modules\\mysql2\\lib\\packets\\packet.js:728:17)\n    at Query.execute (C:\\Users\\Fedor\\Desktop\\Python\\09CLEAR-API\\01draft\\node_modules\\mysql2\\lib\\commands\\command.js:29:26)\n    at PoolConnection.handlePacket (C:\\Users\\Fedor\\Desktop\\Python\\09CLEAR-API\\01draft\\node_modules\\mysql2\\lib\\connection.js:488:32)\n    at PacketParser.onPacket (C:\\Users\\Fedor\\Desktop\\Python\\09CLEAR-API\\01draft\\node_modules\\mysql2\\lib\\connection.js:94:12)\n    at PacketParser.executeStart (C:\\Users\\Fedor\\Desktop\\Python\\09CLEAR-API\\01draft\\node_modules\\mysql2\\lib\\packet_parser.js:75:16)\n    at Socket.<anonymous> (C:\\Users\\Fedor\\Desktop\\Python\\09CLEAR-API\\01draft\\node_modules\\mysql2\\lib\\connection.js:101:25)\n    at Socket.emit (node:events:513:28)\n    at addChunk (node:internal/streams/readable:324:12)\n    at readableAddChunk (node:internal/streams/readable:297:9)\n    at Socket.Readable.push (node:internal/streams/readable:234:10)\n    at TCP.onStreamRead (node:internal/stream_base_commons:190:23)"}
{"level":"error","message":"Creating new language failed."}
{"level":"info","message":"Server up and running on port 3003"}
{"level":"info","message":{"altName":"Anglish","isoCode":"cum","name":"English","noTranslators":1000}}
{"level":"info","message":"New language created"}
